{"/home/otgoo/proj/books-nuxt3/store/book.ts": {"path":"/home/otgoo/proj/books-nuxt3/store/book.ts","all":false,"statementMap":{"0":{"start":{"line":1,"column":0},"end":{"line":1,"column":35}},"1":{"start":{"line":2,"column":0},"end":{"line":2,"column":33}},"2":{"start":{"line":3,"column":0},"end":{"line":3,"column":0}},"3":{"start":{"line":4,"column":0},"end":{"line":4,"column":23}},"4":{"start":{"line":5,"column":0},"end":{"line":5,"column":12}},"5":{"start":{"line":6,"column":0},"end":{"line":6,"column":15}},"6":{"start":{"line":7,"column":0},"end":{"line":7,"column":16}},"7":{"start":{"line":8,"column":0},"end":{"line":8,"column":15}},"8":{"start":{"line":9,"column":0},"end":{"line":9,"column":17}},"9":{"start":{"line":10,"column":0},"end":{"line":10,"column":17}},"10":{"start":{"line":11,"column":0},"end":{"line":11,"column":1}},"11":{"start":{"line":12,"column":0},"end":{"line":12,"column":0}},"12":{"start":{"line":13,"column":0},"end":{"line":13,"column":40}},"13":{"start":{"line":14,"column":0},"end":{"line":14,"column":0}},"14":{"start":{"line":15,"column":0},"end":{"line":15,"column":26}},"15":{"start":{"line":16,"column":0},"end":{"line":16,"column":15}},"16":{"start":{"line":17,"column":0},"end":{"line":17,"column":16}},"17":{"start":{"line":18,"column":0},"end":{"line":18,"column":15}},"18":{"start":{"line":19,"column":0},"end":{"line":19,"column":1}},"19":{"start":{"line":20,"column":0},"end":{"line":20,"column":0}},"20":{"start":{"line":21,"column":0},"end":{"line":21,"column":29}},"21":{"start":{"line":22,"column":0},"end":{"line":22,"column":16}},"22":{"start":{"line":23,"column":0},"end":{"line":23,"column":17}},"23":{"start":{"line":24,"column":0},"end":{"line":24,"column":16}},"24":{"start":{"line":25,"column":0},"end":{"line":25,"column":1}},"25":{"start":{"line":26,"column":0},"end":{"line":26,"column":0}},"26":{"start":{"line":27,"column":0},"end":{"line":27,"column":28}},"27":{"start":{"line":28,"column":0},"end":{"line":28,"column":14}},"28":{"start":{"line":29,"column":0},"end":{"line":29,"column":20}},"29":{"start":{"line":30,"column":0},"end":{"line":30,"column":1}},"30":{"start":{"line":31,"column":0},"end":{"line":31,"column":0}},"31":{"start":{"line":32,"column":0},"end":{"line":32,"column":33}},"32":{"start":{"line":33,"column":0},"end":{"line":33,"column":12}},"33":{"start":{"line":34,"column":0},"end":{"line":34,"column":15}},"34":{"start":{"line":35,"column":0},"end":{"line":35,"column":2}},"35":{"start":{"line":36,"column":0},"end":{"line":36,"column":0}},"36":{"start":{"line":37,"column":0},"end":{"line":37,"column":26}},"37":{"start":{"line":38,"column":0},"end":{"line":38,"column":12}},"38":{"start":{"line":39,"column":0},"end":{"line":39,"column":16}},"39":{"start":{"line":40,"column":0},"end":{"line":40,"column":16}},"40":{"start":{"line":41,"column":0},"end":{"line":41,"column":17}},"41":{"start":{"line":42,"column":0},"end":{"line":42,"column":17}},"42":{"start":{"line":43,"column":0},"end":{"line":43,"column":1}},"43":{"start":{"line":44,"column":0},"end":{"line":44,"column":0}},"44":{"start":{"line":45,"column":0},"end":{"line":45,"column":29}},"45":{"start":{"line":46,"column":0},"end":{"line":46,"column":16}},"46":{"start":{"line":47,"column":0},"end":{"line":47,"column":16}},"47":{"start":{"line":48,"column":0},"end":{"line":48,"column":1}},"48":{"start":{"line":49,"column":0},"end":{"line":49,"column":0}},"49":{"start":{"line":50,"column":0},"end":{"line":50,"column":46}},"50":{"start":{"line":51,"column":0},"end":{"line":51,"column":0}},"51":{"start":{"line":52,"column":0},"end":{"line":52,"column":17}},"52":{"start":{"line":53,"column":0},"end":{"line":53,"column":38}},"53":{"start":{"line":54,"column":0},"end":{"line":54,"column":26}},"54":{"start":{"line":55,"column":0},"end":{"line":55,"column":68}},"55":{"start":{"line":56,"column":0},"end":{"line":56,"column":4}},"56":{"start":{"line":57,"column":0},"end":{"line":57,"column":41}},"57":{"start":{"line":58,"column":0},"end":{"line":58,"column":33}},"58":{"start":{"line":59,"column":0},"end":{"line":59,"column":27}},"59":{"start":{"line":60,"column":0},"end":{"line":60,"column":73}},"60":{"start":{"line":61,"column":0},"end":{"line":61,"column":5}},"61":{"start":{"line":62,"column":0},"end":{"line":62,"column":4}},"62":{"start":{"line":63,"column":0},"end":{"line":63,"column":44}},"63":{"start":{"line":64,"column":0},"end":{"line":64,"column":26}},"64":{"start":{"line":65,"column":0},"end":{"line":65,"column":57}},"65":{"start":{"line":66,"column":0},"end":{"line":66,"column":4}},"66":{"start":{"line":67,"column":0},"end":{"line":67,"column":1}},"67":{"start":{"line":68,"column":0},"end":{"line":68,"column":0}},"68":{"start":{"line":69,"column":0},"end":{"line":69,"column":54}},"69":{"start":{"line":70,"column":0},"end":{"line":70,"column":8}},"70":{"start":{"line":71,"column":0},"end":{"line":71,"column":10}},"71":{"start":{"line":72,"column":0},"end":{"line":72,"column":12}},"72":{"start":{"line":73,"column":0},"end":{"line":73,"column":31}},"73":{"start":{"line":74,"column":0},"end":{"line":74,"column":26}},"74":{"start":{"line":75,"column":0},"end":{"line":75,"column":19}},"75":{"start":{"line":76,"column":0},"end":{"line":76,"column":23}},"76":{"start":{"line":77,"column":0},"end":{"line":77,"column":30}},"77":{"start":{"line":78,"column":0},"end":{"line":78,"column":30}},"78":{"start":{"line":79,"column":0},"end":{"line":79,"column":7}},"79":{"start":{"line":80,"column":0},"end":{"line":80,"column":27}},"80":{"start":{"line":81,"column":0},"end":{"line":81,"column":6}},"81":{"start":{"line":82,"column":0},"end":{"line":82,"column":44}},"82":{"start":{"line":83,"column":0},"end":{"line":83,"column":29}},"83":{"start":{"line":84,"column":0},"end":{"line":84,"column":19}},"84":{"start":{"line":85,"column":0},"end":{"line":85,"column":26}},"85":{"start":{"line":86,"column":0},"end":{"line":86,"column":30}},"86":{"start":{"line":87,"column":0},"end":{"line":87,"column":30}},"87":{"start":{"line":88,"column":0},"end":{"line":88,"column":7}},"88":{"start":{"line":89,"column":0},"end":{"line":89,"column":30}},"89":{"start":{"line":90,"column":0},"end":{"line":90,"column":6}},"90":{"start":{"line":91,"column":0},"end":{"line":91,"column":24}},"91":{"start":{"line":92,"column":0},"end":{"line":92,"column":62}},"92":{"start":{"line":93,"column":0},"end":{"line":93,"column":6}},"93":{"start":{"line":94,"column":0},"end":{"line":94,"column":31}},"94":{"start":{"line":95,"column":0},"end":{"line":95,"column":68}},"95":{"start":{"line":96,"column":0},"end":{"line":96,"column":6}},"96":{"start":{"line":97,"column":0},"end":{"line":97,"column":44}},"97":{"start":{"line":98,"column":0},"end":{"line":98,"column":64}},"98":{"start":{"line":99,"column":0},"end":{"line":99,"column":80}},"99":{"start":{"line":100,"column":0},"end":{"line":100,"column":6}},"100":{"start":{"line":101,"column":0},"end":{"line":101,"column":4}},"101":{"start":{"line":102,"column":0},"end":{"line":102,"column":2}}},"s":{"0":1,"1":1,"2":1,"3":1,"4":1,"5":1,"6":1,"7":1,"8":1,"9":1,"10":1,"11":1,"12":1,"13":1,"14":1,"15":1,"16":1,"17":1,"18":1,"19":1,"20":1,"21":1,"22":1,"23":1,"24":1,"25":1,"26":1,"27":1,"28":1,"29":1,"30":1,"31":1,"32":11,"33":11,"34":11,"35":1,"36":1,"37":1,"38":1,"39":1,"40":1,"41":1,"42":1,"43":1,"44":1,"45":1,"46":1,"47":1,"48":1,"49":1,"50":1,"51":1,"52":1,"53":1,"54":3,"55":1,"56":1,"57":1,"58":1,"59":6,"60":1,"61":1,"62":1,"63":1,"64":1,"65":1,"66":1,"67":1,"68":1,"69":1,"70":1,"71":1,"72":1,"73":7,"74":7,"75":7,"76":7,"77":7,"78":7,"79":7,"80":7,"81":1,"82":3,"83":3,"84":3,"85":3,"86":3,"87":3,"88":3,"89":3,"90":1,"91":1,"92":1,"93":1,"94":1,"95":1,"96":1,"97":2,"98":2,"99":2,"100":1,"101":1},"branchMap":{"0":{"type":"branch","line":32,"loc":{"start":{"line":32,"column":14},"end":{"line":35,"column":2}},"locations":[{"start":{"line":32,"column":14},"end":{"line":35,"column":2}}]},"1":{"type":"branch","line":53,"loc":{"start":{"line":53,"column":15},"end":{"line":56,"column":4}},"locations":[{"start":{"line":53,"column":15},"end":{"line":56,"column":4}}]},"2":{"type":"branch","line":54,"loc":{"start":{"line":54,"column":11},"end":{"line":55,"column":68}},"locations":[{"start":{"line":54,"column":11},"end":{"line":55,"column":68}}]},"3":{"type":"branch","line":55,"loc":{"start":{"line":55,"column":23},"end":{"line":55,"column":67}},"locations":[{"start":{"line":55,"column":23},"end":{"line":55,"column":67}}]},"4":{"type":"branch","line":57,"loc":{"start":{"line":57,"column":18},"end":{"line":62,"column":4}},"locations":[{"start":{"line":57,"column":18},"end":{"line":62,"column":4}}]},"5":{"type":"branch","line":59,"loc":{"start":{"line":59,"column":6},"end":{"line":60,"column":73}},"locations":[{"start":{"line":59,"column":6},"end":{"line":60,"column":73}}]},"6":{"type":"branch","line":63,"loc":{"start":{"line":63,"column":21},"end":{"line":66,"column":4}},"locations":[{"start":{"line":63,"column":21},"end":{"line":66,"column":4}}]},"7":{"type":"branch","line":64,"loc":{"start":{"line":64,"column":11},"end":{"line":65,"column":57}},"locations":[{"start":{"line":64,"column":11},"end":{"line":65,"column":57}}]},"8":{"type":"branch","line":65,"loc":{"start":{"line":65,"column":28},"end":{"line":65,"column":56}},"locations":[{"start":{"line":65,"column":28},"end":{"line":65,"column":56}}]},"9":{"type":"branch","line":73,"loc":{"start":{"line":73,"column":4},"end":{"line":81,"column":6}},"locations":[{"start":{"line":73,"column":4},"end":{"line":81,"column":6}}]},"10":{"type":"branch","line":82,"loc":{"start":{"line":82,"column":4},"end":{"line":90,"column":6}},"locations":[{"start":{"line":82,"column":4},"end":{"line":90,"column":6}}]},"11":{"type":"branch","line":91,"loc":{"start":{"line":91,"column":4},"end":{"line":93,"column":6}},"locations":[{"start":{"line":91,"column":4},"end":{"line":93,"column":6}}]},"12":{"type":"branch","line":92,"loc":{"start":{"line":92,"column":37},"end":{"line":92,"column":61}},"locations":[{"start":{"line":92,"column":37},"end":{"line":92,"column":61}}]},"13":{"type":"branch","line":94,"loc":{"start":{"line":94,"column":4},"end":{"line":96,"column":6}},"locations":[{"start":{"line":94,"column":4},"end":{"line":96,"column":6}}]},"14":{"type":"branch","line":95,"loc":{"start":{"line":95,"column":43},"end":{"line":95,"column":67}},"locations":[{"start":{"line":95,"column":43},"end":{"line":95,"column":67}}]},"15":{"type":"branch","line":97,"loc":{"start":{"line":97,"column":4},"end":{"line":100,"column":6}},"locations":[{"start":{"line":97,"column":4},"end":{"line":100,"column":6}}]},"16":{"type":"branch","line":98,"loc":{"start":{"line":98,"column":39},"end":{"line":98,"column":63}},"locations":[{"start":{"line":98,"column":39},"end":{"line":98,"column":63}}]},"17":{"type":"branch","line":102,"loc":{"start":{"line":102,"column":1},"end":{"line":102,"column":2}},"locations":[{"start":{"line":102,"column":1},"end":{"line":102,"column":2}}]}},"b":{"0":[11],"1":[1],"2":[3],"3":[3],"4":[1],"5":[6],"6":[1],"7":[1],"8":[2],"9":[7],"10":[3],"11":[1],"12":[1],"13":[1],"14":[1],"15":[2],"16":[2],"17":[10]},"fnMap":{"0":{"name":"state","decl":{"start":{"line":32,"column":14},"end":{"line":35,"column":2}},"loc":{"start":{"line":32,"column":14},"end":{"line":35,"column":2}},"line":32},"1":{"name":"getbookById","decl":{"start":{"line":53,"column":15},"end":{"line":56,"column":4}},"loc":{"start":{"line":53,"column":15},"end":{"line":56,"column":4}},"line":53},"2":{"name":"getSortedBooks","decl":{"start":{"line":57,"column":18},"end":{"line":62,"column":4}},"loc":{"start":{"line":57,"column":18},"end":{"line":62,"column":4}},"line":57},"3":{"name":"getCommentsByBook","decl":{"start":{"line":63,"column":21},"end":{"line":66,"column":4}},"loc":{"start":{"line":63,"column":21},"end":{"line":66,"column":4}},"line":63},"4":{"name":"add","decl":{"start":{"line":73,"column":4},"end":{"line":81,"column":6}},"loc":{"start":{"line":73,"column":4},"end":{"line":81,"column":6}},"line":73},"5":{"name":"addComment","decl":{"start":{"line":82,"column":4},"end":{"line":90,"column":6}},"loc":{"start":{"line":82,"column":4},"end":{"line":90,"column":6}},"line":82},"6":{"name":"remove","decl":{"start":{"line":91,"column":4},"end":{"line":93,"column":6}},"loc":{"start":{"line":91,"column":4},"end":{"line":93,"column":6}},"line":91},"7":{"name":"removeComment","decl":{"start":{"line":94,"column":4},"end":{"line":96,"column":6}},"loc":{"start":{"line":94,"column":4},"end":{"line":96,"column":6}},"line":94},"8":{"name":"update","decl":{"start":{"line":97,"column":4},"end":{"line":100,"column":6}},"loc":{"start":{"line":97,"column":4},"end":{"line":100,"column":6}},"line":97},"9":{"name":"get","decl":{"start":{"line":102,"column":1},"end":{"line":102,"column":2}},"loc":{"start":{"line":102,"column":1},"end":{"line":102,"column":2}},"line":102}},"f":{"0":11,"1":1,"2":1,"3":1,"4":7,"5":3,"6":1,"7":1,"8":2,"9":10}}
}
