{"/home/otgoo/proj/books-nuxt3/store/book.ts": {"path":"/home/otgoo/proj/books-nuxt3/store/book.ts","all":false,"statementMap":{"0":{"start":{"line":1,"column":0},"end":{"line":1,"column":35}},"1":{"start":{"line":2,"column":0},"end":{"line":2,"column":33}},"2":{"start":{"line":3,"column":0},"end":{"line":3,"column":25}},"3":{"start":{"line":4,"column":0},"end":{"line":4,"column":75}},"4":{"start":{"line":5,"column":0},"end":{"line":5,"column":54}},"5":{"start":{"line":6,"column":0},"end":{"line":6,"column":0}},"6":{"start":{"line":7,"column":0},"end":{"line":7,"column":33}},"7":{"start":{"line":8,"column":0},"end":{"line":8,"column":12}},"8":{"start":{"line":9,"column":0},"end":{"line":9,"column":15}},"9":{"start":{"line":10,"column":0},"end":{"line":10,"column":2}},"10":{"start":{"line":11,"column":0},"end":{"line":11,"column":0}},"11":{"start":{"line":12,"column":0},"end":{"line":12,"column":17}},"12":{"start":{"line":13,"column":0},"end":{"line":13,"column":38}},"13":{"start":{"line":14,"column":0},"end":{"line":14,"column":26}},"14":{"start":{"line":15,"column":0},"end":{"line":15,"column":69}},"15":{"start":{"line":16,"column":0},"end":{"line":16,"column":4}},"16":{"start":{"line":17,"column":0},"end":{"line":17,"column":41}},"17":{"start":{"line":18,"column":0},"end":{"line":18,"column":33}},"18":{"start":{"line":19,"column":0},"end":{"line":19,"column":27}},"19":{"start":{"line":20,"column":0},"end":{"line":20,"column":73}},"20":{"start":{"line":21,"column":0},"end":{"line":21,"column":5}},"21":{"start":{"line":22,"column":0},"end":{"line":22,"column":4}},"22":{"start":{"line":23,"column":0},"end":{"line":23,"column":44}},"23":{"start":{"line":24,"column":0},"end":{"line":24,"column":26}},"24":{"start":{"line":25,"column":0},"end":{"line":25,"column":57}},"25":{"start":{"line":26,"column":0},"end":{"line":26,"column":4}},"26":{"start":{"line":27,"column":0},"end":{"line":27,"column":1}},"27":{"start":{"line":28,"column":0},"end":{"line":28,"column":0}},"28":{"start":{"line":29,"column":0},"end":{"line":29,"column":54}},"29":{"start":{"line":30,"column":0},"end":{"line":30,"column":8}},"30":{"start":{"line":31,"column":0},"end":{"line":31,"column":10}},"31":{"start":{"line":32,"column":0},"end":{"line":32,"column":12}},"32":{"start":{"line":33,"column":0},"end":{"line":33,"column":31}},"33":{"start":{"line":34,"column":0},"end":{"line":34,"column":26}},"34":{"start":{"line":35,"column":0},"end":{"line":35,"column":20}},"35":{"start":{"line":36,"column":0},"end":{"line":36,"column":23}},"36":{"start":{"line":37,"column":0},"end":{"line":37,"column":30}},"37":{"start":{"line":38,"column":0},"end":{"line":38,"column":30}},"38":{"start":{"line":39,"column":0},"end":{"line":39,"column":7}},"39":{"start":{"line":40,"column":0},"end":{"line":40,"column":27}},"40":{"start":{"line":41,"column":0},"end":{"line":41,"column":6}},"41":{"start":{"line":42,"column":0},"end":{"line":42,"column":44}},"42":{"start":{"line":43,"column":0},"end":{"line":43,"column":29}},"43":{"start":{"line":44,"column":0},"end":{"line":44,"column":20}},"44":{"start":{"line":45,"column":0},"end":{"line":45,"column":26}},"45":{"start":{"line":46,"column":0},"end":{"line":46,"column":30}},"46":{"start":{"line":47,"column":0},"end":{"line":47,"column":30}},"47":{"start":{"line":48,"column":0},"end":{"line":48,"column":7}},"48":{"start":{"line":49,"column":0},"end":{"line":49,"column":30}},"49":{"start":{"line":50,"column":0},"end":{"line":50,"column":6}},"50":{"start":{"line":51,"column":0},"end":{"line":51,"column":24}},"51":{"start":{"line":52,"column":0},"end":{"line":52,"column":63}},"52":{"start":{"line":53,"column":0},"end":{"line":53,"column":6}},"53":{"start":{"line":54,"column":0},"end":{"line":54,"column":31}},"54":{"start":{"line":55,"column":0},"end":{"line":55,"column":69}},"55":{"start":{"line":56,"column":0},"end":{"line":56,"column":6}},"56":{"start":{"line":57,"column":0},"end":{"line":57,"column":44}},"57":{"start":{"line":58,"column":0},"end":{"line":58,"column":65}},"58":{"start":{"line":59,"column":0},"end":{"line":59,"column":80}},"59":{"start":{"line":60,"column":0},"end":{"line":60,"column":6}},"60":{"start":{"line":61,"column":0},"end":{"line":61,"column":24}},"61":{"start":{"line":62,"column":0},"end":{"line":62,"column":11}},"62":{"start":{"line":63,"column":0},"end":{"line":63,"column":67}},"63":{"start":{"line":64,"column":0},"end":{"line":64,"column":38}},"64":{"start":{"line":65,"column":0},"end":{"line":65,"column":9}},"65":{"start":{"line":66,"column":0},"end":{"line":66,"column":23}},"66":{"start":{"line":67,"column":0},"end":{"line":67,"column":28}},"67":{"start":{"line":68,"column":0},"end":{"line":68,"column":7}},"68":{"start":{"line":69,"column":0},"end":{"line":69,"column":5}},"69":{"start":{"line":70,"column":0},"end":{"line":70,"column":4}},"70":{"start":{"line":71,"column":0},"end":{"line":71,"column":2}}},"s":{"0":1,"1":1,"2":1,"3":1,"4":1,"5":1,"6":1,"7":12,"8":12,"9":12,"10":1,"11":1,"12":1,"13":1,"14":3,"15":1,"16":1,"17":1,"18":1,"19":6,"20":1,"21":1,"22":1,"23":1,"24":1,"25":1,"26":1,"27":1,"28":1,"29":1,"30":1,"31":1,"32":1,"33":7,"34":7,"35":7,"36":7,"37":7,"38":7,"39":7,"40":7,"41":1,"42":3,"43":3,"44":3,"45":3,"46":3,"47":3,"48":3,"49":3,"50":1,"51":1,"52":1,"53":1,"54":1,"55":1,"56":1,"57":2,"58":2,"59":2,"60":1,"61":1,"62":1,"63":1,"64":1,"65":0,"66":0,"67":0,"68":1,"69":1,"70":1},"branchMap":{"0":{"type":"branch","line":7,"loc":{"start":{"line":7,"column":14},"end":{"line":10,"column":2}},"locations":[{"start":{"line":7,"column":14},"end":{"line":10,"column":2}}]},"1":{"type":"branch","line":13,"loc":{"start":{"line":13,"column":15},"end":{"line":16,"column":4}},"locations":[{"start":{"line":13,"column":15},"end":{"line":16,"column":4}}]},"2":{"type":"branch","line":14,"loc":{"start":{"line":14,"column":11},"end":{"line":15,"column":69}},"locations":[{"start":{"line":14,"column":11},"end":{"line":15,"column":69}}]},"3":{"type":"branch","line":15,"loc":{"start":{"line":15,"column":23},"end":{"line":15,"column":68}},"locations":[{"start":{"line":15,"column":23},"end":{"line":15,"column":68}}]},"4":{"type":"branch","line":17,"loc":{"start":{"line":17,"column":18},"end":{"line":22,"column":4}},"locations":[{"start":{"line":17,"column":18},"end":{"line":22,"column":4}}]},"5":{"type":"branch","line":19,"loc":{"start":{"line":19,"column":6},"end":{"line":20,"column":73}},"locations":[{"start":{"line":19,"column":6},"end":{"line":20,"column":73}}]},"6":{"type":"branch","line":23,"loc":{"start":{"line":23,"column":21},"end":{"line":26,"column":4}},"locations":[{"start":{"line":23,"column":21},"end":{"line":26,"column":4}}]},"7":{"type":"branch","line":24,"loc":{"start":{"line":24,"column":11},"end":{"line":25,"column":57}},"locations":[{"start":{"line":24,"column":11},"end":{"line":25,"column":57}}]},"8":{"type":"branch","line":25,"loc":{"start":{"line":25,"column":28},"end":{"line":25,"column":56}},"locations":[{"start":{"line":25,"column":28},"end":{"line":25,"column":56}}]},"9":{"type":"branch","line":33,"loc":{"start":{"line":33,"column":4},"end":{"line":41,"column":6}},"locations":[{"start":{"line":33,"column":4},"end":{"line":41,"column":6}}]},"10":{"type":"branch","line":42,"loc":{"start":{"line":42,"column":4},"end":{"line":50,"column":6}},"locations":[{"start":{"line":42,"column":4},"end":{"line":50,"column":6}}]},"11":{"type":"branch","line":51,"loc":{"start":{"line":51,"column":4},"end":{"line":53,"column":6}},"locations":[{"start":{"line":51,"column":4},"end":{"line":53,"column":6}}]},"12":{"type":"branch","line":52,"loc":{"start":{"line":52,"column":37},"end":{"line":52,"column":62}},"locations":[{"start":{"line":52,"column":37},"end":{"line":52,"column":62}}]},"13":{"type":"branch","line":54,"loc":{"start":{"line":54,"column":4},"end":{"line":56,"column":6}},"locations":[{"start":{"line":54,"column":4},"end":{"line":56,"column":6}}]},"14":{"type":"branch","line":55,"loc":{"start":{"line":55,"column":43},"end":{"line":55,"column":68}},"locations":[{"start":{"line":55,"column":43},"end":{"line":55,"column":68}}]},"15":{"type":"branch","line":57,"loc":{"start":{"line":57,"column":4},"end":{"line":60,"column":6}},"locations":[{"start":{"line":57,"column":4},"end":{"line":60,"column":6}}]},"16":{"type":"branch","line":58,"loc":{"start":{"line":58,"column":39},"end":{"line":58,"column":64}},"locations":[{"start":{"line":58,"column":39},"end":{"line":58,"column":64}}]},"17":{"type":"branch","line":61,"loc":{"start":{"line":61,"column":4},"end":{"line":69,"column":5}},"locations":[{"start":{"line":61,"column":4},"end":{"line":69,"column":5}}]},"18":{"type":"branch","line":65,"loc":{"start":{"line":65,"column":8},"end":{"line":68,"column":7}},"locations":[{"start":{"line":65,"column":8},"end":{"line":68,"column":7}}]},"19":{"type":"branch","line":71,"loc":{"start":{"line":71,"column":1},"end":{"line":71,"column":2}},"locations":[{"start":{"line":71,"column":1},"end":{"line":71,"column":2}}]}},"b":{"0":[12],"1":[1],"2":[3],"3":[3],"4":[1],"5":[6],"6":[1],"7":[1],"8":[2],"9":[7],"10":[3],"11":[1],"12":[1],"13":[1],"14":[1],"15":[2],"16":[2],"17":[1],"18":[0],"19":[11]},"fnMap":{"0":{"name":"state","decl":{"start":{"line":7,"column":14},"end":{"line":10,"column":2}},"loc":{"start":{"line":7,"column":14},"end":{"line":10,"column":2}},"line":7},"1":{"name":"getbookById","decl":{"start":{"line":13,"column":15},"end":{"line":16,"column":4}},"loc":{"start":{"line":13,"column":15},"end":{"line":16,"column":4}},"line":13},"2":{"name":"getSortedBooks","decl":{"start":{"line":17,"column":18},"end":{"line":22,"column":4}},"loc":{"start":{"line":17,"column":18},"end":{"line":22,"column":4}},"line":17},"3":{"name":"getCommentsByBook","decl":{"start":{"line":23,"column":21},"end":{"line":26,"column":4}},"loc":{"start":{"line":23,"column":21},"end":{"line":26,"column":4}},"line":23},"4":{"name":"add","decl":{"start":{"line":33,"column":4},"end":{"line":41,"column":6}},"loc":{"start":{"line":33,"column":4},"end":{"line":41,"column":6}},"line":33},"5":{"name":"addComment","decl":{"start":{"line":42,"column":4},"end":{"line":50,"column":6}},"loc":{"start":{"line":42,"column":4},"end":{"line":50,"column":6}},"line":42},"6":{"name":"remove","decl":{"start":{"line":51,"column":4},"end":{"line":53,"column":6}},"loc":{"start":{"line":51,"column":4},"end":{"line":53,"column":6}},"line":51},"7":{"name":"removeComment","decl":{"start":{"line":54,"column":4},"end":{"line":56,"column":6}},"loc":{"start":{"line":54,"column":4},"end":{"line":56,"column":6}},"line":54},"8":{"name":"update","decl":{"start":{"line":57,"column":4},"end":{"line":60,"column":6}},"loc":{"start":{"line":57,"column":4},"end":{"line":60,"column":6}},"line":57},"9":{"name":"fetchBooks","decl":{"start":{"line":61,"column":4},"end":{"line":69,"column":5}},"loc":{"start":{"line":61,"column":4},"end":{"line":69,"column":5}},"line":61},"10":{"name":"get","decl":{"start":{"line":71,"column":1},"end":{"line":71,"column":2}},"loc":{"start":{"line":71,"column":1},"end":{"line":71,"column":2}},"line":71}},"f":{"0":12,"1":1,"2":1,"3":1,"4":7,"5":3,"6":1,"7":1,"8":2,"9":1,"10":11}}
}
